<html>
<head>
<title>TestNG:  TestSuite</title>
<link href="../testng.css" rel="stylesheet" type="text/css" />
<link href="../my-testng.css" rel="stylesheet" type="text/css" />

<style type="text/css">
.log { display: none;} 
.stack-trace { display: none;} 
</style>
<script type="text/javascript">
<!--
function flip(e) {
  current = e.style.display;
  if (current == 'block') {
    e.style.display = 'none';
    return 0;
  }
  else {
    e.style.display = 'block';
    return 1;
  }
}

function toggleBox(szDivId, elem, msg1, msg2)
{
  var res = -1;  if (document.getElementById) {
    res = flip(document.getElementById(szDivId));
  }
  else if (document.all) {
    // this is the way old msie versions work
    res = flip(document.all[szDivId]);
  }
  if(elem) {
    if(res == 0) elem.innerHTML = msg1; else elem.innerHTML = msg2;
  }

}

function toggleAllBoxes() {
  if (document.getElementsByTagName) {
    d = document.getElementsByTagName('div');
    for (i = 0; i < d.length; i++) {
      if (d[i].className == 'log') {
        flip(d[i]);
      }
    }
  }
}

// -->
</script>

</head>
<body>
<h2 align='center'>TestSuite</h2><table border='1' align="center">
<tr>
<td>Tests passed/Failed/Skipped:</td><td>5/1/0</td>
</tr><tr>
<td>Started on:</td><td>Wed Sep 05 18:50:10 IST 2018</td>
</tr>
<tr><td>Total time:</td><td>26 seconds (26243 ms)</td>
</tr><tr>
<td>Included groups:</td><td></td>
</tr><tr>
<td>Excluded groups:</td><td></td>
</tr>
</table><p/>
<small><i>(Hover the method name to see the test class name)</i></small><p/>
<table width='100%' border='1' class='invocation-failed'>
<tr><td colspan='4' align='center'><b>FAILED TESTS</b></td></tr>
<tr><td><b>Test method</b></td>
<td width="30%"><b>Exception</b></td>
<td width="10%"><b>Time (seconds)</b></td>
<td><b>Instance</b></td>
</tr>
<tr>
<td title='com.qait.sakurai.automation.tests.TatocAdv_Test.testDownloadFileAndInputSign()'><b>testDownloadFileAndInputSign</b><br>Test class: com.qait.sakurai.automation.tests.TatocAdv_Test</td>
<td><div><pre>org.openqa.selenium.WebDriverException: unknown error: keys should be a string
  (Session info: chrome=68.0.3440.106)
  (Driver info: chromedriver=2.40.565498 (ea082db3280dd6843ebfb08a625e3eb905c4f5ab),platform=Windows NT 10.0.17134 x86_64) (WARNING: The server did not provide any stacktrace information)
Command duration or timeout: 37 milliseconds
Build info: version: &apos;2.52.0&apos;, revision: &apos;4c2593cfc3689a7fcd7be52549167e5ccc93ad28&apos;, time: &apos;2016-02-11 11:22:43&apos;
System info: host: &apos;ASDW0135&apos;, ip: &apos;10.0.24.20&apos;, os.name: &apos;Windows 10&apos;, os.arch: &apos;amd64&apos;, os.version: &apos;10.0&apos;, java.version: &apos;1.8.0_181&apos;
Driver info: org.openqa.selenium.chrome.ChromeDriver
Capabilities [{applicationCacheEnabled=false, rotatable=false, mobileEmulationEnabled=false, networkConnectionEnabled=false, chrome={chromedriverVersion=2.40.565498 (ea082db3280dd6843ebfb08a625e3eb905c4f5ab), userDataDir=C:\WINDOWS\TEMP\scoped_dir2760_7258}, takesHeapSnapshot=true, pageLoadStrategy=normal, databaseEnabled=false, handlesAlerts=true, hasTouchScreen=false, version=68.0.3440.106, platform=XP, browserConnectionEnabled=false, nativeEvents=true, acceptSslCerts=false, acceptInsecureCerts=false, locationContextEnabled=true, webStorageEnabled=true, browserName=chrome, takesScreenshot=true, javascriptEnabled=true, cssSelectorsEnabled=true, setWindowRect=true, unexpectedAlertBehaviour=}]
Session ID: 19b5296b615511911c859a430d67b641
	at org.openqa.selenium.remote.ErrorHandler.createThrowable(ErrorHandler.java:206)
	at org.openqa.selenium.remote.ErrorHandler.throwIfResponseFailed(ErrorHandler.java:158)
	at org.openqa.selenium.remote.RemoteWebDriver.execute(RemoteWebDriver.java:678)
	at org.openqa.selenium.remote.RemoteWebElement.execute(RemoteWebElement.java:327)
	at org.openqa.selenium.remote.RemoteWebElement.sendKeys(RemoteWebElement.java:122)
	at com.qait.sakurai.automation.keywords.TatocAdvActions.readFiledataAndEnterSignature(TatocAdvActions.java:66)
	at com.qait.sakurai.automation.tests.TatocAdv_Test.testDownloadFileAndInputSign(TatocAdv_Test.java:39)
	at java.util.concurrent.FutureTask.run(FutureTask.java:266)
	at java.util.concurrent.ThreadPoolExecutor.runWorker(ThreadPoolExecutor.java:1149)
	at java.util.concurrent.ThreadPoolExecutor$Worker.run(ThreadPoolExecutor.java:624)
	at java.lang.Thread.run(Thread.java:748)
... Removed 20 stack frames</pre></div><a href='#' onClick='toggleBox("stack-trace292944865", this, "Click to show all stack frames", "Click to hide stack frames")'>Click to show all stack frames</a>
<div class='stack-trace' id='stack-trace292944865'><pre>org.openqa.selenium.WebDriverException: unknown error: keys should be a string
  (Session info: chrome=68.0.3440.106)
  (Driver info: chromedriver=2.40.565498 (ea082db3280dd6843ebfb08a625e3eb905c4f5ab),platform=Windows NT 10.0.17134 x86_64) (WARNING: The server did not provide any stacktrace information)
Command duration or timeout: 37 milliseconds
Build info: version: &apos;2.52.0&apos;, revision: &apos;4c2593cfc3689a7fcd7be52549167e5ccc93ad28&apos;, time: &apos;2016-02-11 11:22:43&apos;
System info: host: &apos;ASDW0135&apos;, ip: &apos;10.0.24.20&apos;, os.name: &apos;Windows 10&apos;, os.arch: &apos;amd64&apos;, os.version: &apos;10.0&apos;, java.version: &apos;1.8.0_181&apos;
Driver info: org.openqa.selenium.chrome.ChromeDriver
Capabilities [{applicationCacheEnabled=false, rotatable=false, mobileEmulationEnabled=false, networkConnectionEnabled=false, chrome={chromedriverVersion=2.40.565498 (ea082db3280dd6843ebfb08a625e3eb905c4f5ab), userDataDir=C:\WINDOWS\TEMP\scoped_dir2760_7258}, takesHeapSnapshot=true, pageLoadStrategy=normal, databaseEnabled=false, handlesAlerts=true, hasTouchScreen=false, version=68.0.3440.106, platform=XP, browserConnectionEnabled=false, nativeEvents=true, acceptSslCerts=false, acceptInsecureCerts=false, locationContextEnabled=true, webStorageEnabled=true, browserName=chrome, takesScreenshot=true, javascriptEnabled=true, cssSelectorsEnabled=true, setWindowRect=true, unexpectedAlertBehaviour=}]
Session ID: 19b5296b615511911c859a430d67b641
	at sun.reflect.NativeConstructorAccessorImpl.newInstance0(Native Method)
	at sun.reflect.NativeConstructorAccessorImpl.newInstance(NativeConstructorAccessorImpl.java:62)
	at sun.reflect.DelegatingConstructorAccessorImpl.newInstance(DelegatingConstructorAccessorImpl.java:45)
	at java.lang.reflect.Constructor.newInstance(Constructor.java:423)
	at org.openqa.selenium.remote.ErrorHandler.createThrowable(ErrorHandler.java:206)
	at org.openqa.selenium.remote.ErrorHandler.throwIfResponseFailed(ErrorHandler.java:158)
	at org.openqa.selenium.remote.RemoteWebDriver.execute(RemoteWebDriver.java:678)
	at org.openqa.selenium.remote.RemoteWebElement.execute(RemoteWebElement.java:327)
	at org.openqa.selenium.remote.RemoteWebElement.sendKeys(RemoteWebElement.java:122)
	at com.qait.sakurai.automation.keywords.TatocAdvActions.readFiledataAndEnterSignature(TatocAdvActions.java:66)
	at com.qait.sakurai.automation.tests.TatocAdv_Test.testDownloadFileAndInputSign(TatocAdv_Test.java:39)
	at sun.reflect.NativeMethodAccessorImpl.invoke0(Native Method)
	at sun.reflect.NativeMethodAccessorImpl.invoke(NativeMethodAccessorImpl.java:62)
	at sun.reflect.DelegatingMethodAccessorImpl.invoke(DelegatingMethodAccessorImpl.java:43)
	at java.lang.reflect.Method.invoke(Method.java:498)
	at org.testng.internal.MethodInvocationHelper.invokeMethod(MethodInvocationHelper.java:84)
	at org.testng.internal.Invoker.invokeMethod(Invoker.java:714)
	at org.testng.internal.Invoker.invokeTestMethod(Invoker.java:901)
	at org.testng.internal.Invoker.invokeTestMethods(Invoker.java:1231)
	at org.testng.internal.TestMethodWorker.invokeTestMethods(TestMethodWorker.java:127)
	at org.testng.internal.TestMethodWorker.run(TestMethodWorker.java:111)
	at org.testng.TestRunner.privateRun(TestRunner.java:767)
	at org.testng.TestRunner.run(TestRunner.java:617)
	at org.testng.SuiteRunner.runTest(SuiteRunner.java:334)
	at org.testng.SuiteRunner.access$000(SuiteRunner.java:37)
	at org.testng.SuiteRunner$SuiteWorker.run(SuiteRunner.java:368)
	at org.testng.internal.thread.ThreadUtil$2.call(ThreadUtil.java:64)
	at java.util.concurrent.FutureTask.run(FutureTask.java:266)
	at java.util.concurrent.ThreadPoolExecutor.runWorker(ThreadPoolExecutor.java:1149)
	at java.util.concurrent.ThreadPoolExecutor$Worker.run(ThreadPoolExecutor.java:624)
	at java.lang.Thread.run(Thread.java:748)
</pre></div></td>
<td>3</td>
<td>com.qait.sakurai.automation.tests.TatocAdv_Test@3cbbc1e0</td></tr>
</table><p>
<table width='100%' border='1' class='invocation-passed'>
<tr><td colspan='4' align='center'><b>PASSED TESTS</b></td></tr>
<tr><td><b>Test method</b></td>
<td width="30%"><b>Exception</b></td>
<td width="10%"><b>Time (seconds)</b></td>
<td><b>Instance</b></td>
</tr>
<tr>
<td title='com.qait.sakurai.automation.tests.TatocAdv_Test.testClickOnAdvCourse()'><b>testClickOnAdvCourse</b><br>Test class: com.qait.sakurai.automation.tests.TatocAdv_Test<br/>
<a href="#Output-1542795851" onClick='toggleBox("Output-1542795851", this, "Show output", "Hide output");'>Show output</a>

<a href="#Output-1542795851" onClick="toggleAllBoxes();">Show all outputs</a>
<div class='log' id="Output-1542795851">
PASSED: PageTitle for Hover Menu - Advanced Course - T.A.T.O.C contains: 'Hover Menu'.<br/>
</div>
</td>
<td></td>
<td>0</td>
<td>com.qait.sakurai.automation.tests.TatocAdv_Test@3cbbc1e0</td></tr>
<tr>
<td title='com.qait.sakurai.automation.tests.TatocAdv_Test.testGetSessionAndPostSignature()'><b>testGetSessionAndPostSignature</b><br>Test class: com.qait.sakurai.automation.tests.TatocAdv_Test<br/>
<a href="#Output-95441977" onClick='toggleBox("Output-95441977", this, "Show output", "Hide output");'>Show output</a>

<a href="#Output-95441977" onClick="toggleAllBoxes();">Show all outputs</a>
<div class='log' id="Output-95441977">
PASSED: PageTitle for File Handle - Advanced Course - T.A.T.O.C contains: 'File Handle'.<br/>
</div>
</td>
<td></td>
<td>0</td>
<td>com.qait.sakurai.automation.tests.TatocAdv_Test@3cbbc1e0</td></tr>
<tr>
<td title='com.qait.sakurai.automation.tests.TatocAdv_Test.testMoveToMenu2AndGoNext()'><b>testMoveToMenu2AndGoNext</b><br>Test class: com.qait.sakurai.automation.tests.TatocAdv_Test<br/>
<a href="#Output-1311882563" onClick='toggleBox("Output-1311882563", this, "Show output", "Hide output");'>Show output</a>

<a href="#Output-1311882563" onClick="toggleAllBoxes();">Show all outputs</a>
<div class='log' id="Output-1311882563">
PASSED: PageTitle for Query Gate - Advanced Course - T.A.T.O.C contains: 'Query Gate'.<br/>
</div>
</td>
<td></td>
<td>0</td>
<td>com.qait.sakurai.automation.tests.TatocAdv_Test@3cbbc1e0</td></tr>
<tr>
<td title='com.qait.sakurai.automation.tests.TatocAdv_Test.testSkipThePlayerPage()'><b>testSkipThePlayerPage</b><br>Test class: com.qait.sakurai.automation.tests.TatocAdv_Test<br/>
<a href="#Output-1568457701" onClick='toggleBox("Output-1568457701", this, "Show output", "Hide output");'>Show output</a>

<a href="#Output-1568457701" onClick="toggleAllBoxes();">Show all outputs</a>
<div class='log' id="Output-1568457701">
PASSED: PageTitle for Restful - Advanced Course - T.A.T.O.C contains: 'Restful'.<br/>
</div>
</td>
<td></td>
<td>0</td>
<td>com.qait.sakurai.automation.tests.TatocAdv_Test@3cbbc1e0</td></tr>
<tr>
<td title='com.qait.sakurai.automation.tests.TatocAdv_Test.testfetchCredentialsEnterAndProceed()'><b>testfetchCredentialsEnterAndProceed</b><br>Test class: com.qait.sakurai.automation.tests.TatocAdv_Test<br/>
<a href="#Output-1451959488" onClick='toggleBox("Output-1451959488", this, "Show output", "Hide output");'>Show output</a>

<a href="#Output-1451959488" onClick="toggleAllBoxes();">Show all outputs</a>
<div class='log' id="Output-1451959488">
PASSED: PageTitle for Video Player - Advanced Course - T.A.T.O.C contains: 'Video Player'.<br/>
</div>
</td>
<td></td>
<td>14</td>
<td>com.qait.sakurai.automation.tests.TatocAdv_Test@3cbbc1e0</td></tr>
</table><p>
</body>
</html>